Using pre-set license

 COMMAND LINE ARGUMENTS:
/Applications/Unity/Hub/Editor/2021.1.6f1/Unity.app/Contents/MacOS/Unity
-adb2
-batchMode
-noUpm
-name
AssetImportWorker0
-projectPath
/Users/hoon/Desktop/FireBaseDemo
-logFile
Logs/AssetImportWorker0.log
-srvPort
49887
Successfully changed project path to: /Users/hoon/Desktop/FireBaseDemo
/Users/hoon/Desktop/FireBaseDemo
Using Asset Import Pipeline V2.
Refreshing native plugins compatible for Editor in 97.23 ms, found 5 plugins.
Preloading 0 native plugins for Editor in 0.00 ms.
Initialize engine version: 2021.1.6f1 (c0fade0cc7e9)
[Subsystems] Discovering subsystems at path /Applications/Unity/Hub/Editor/2021.1.6f1/Unity.app/Contents/Resources/UnitySubsystems
[Subsystems] Discovering subsystems at path /Users/hoon/Desktop/FireBaseDemo/Assets
GfxDevice: creating device client; threaded=0; jobified=0
2021-05-09 14:45:21.448 Unity[1614:85930] (null) preferred device: Apple M1 (high power)
2021-05-09 14:45:21.448 Unity[1614:85930] Metal devices available: 1
2021-05-09 14:45:21.448 Unity[1614:85930] 0: Apple M1 (high power)
2021-05-09 14:45:21.448 Unity[1614:85930] Using device Apple M1 (high power)
Initializing Metal device caps: Apple M1
Initialize mono
Mono path[0] = '/Applications/Unity/Hub/Editor/2021.1.6f1/Unity.app/Contents/Managed'
Mono path[1] = '/Applications/Unity/Hub/Editor/2021.1.6f1/Unity.app/Contents/MonoBleedingEdge/lib/mono/unityjit'
Mono config path = '/Applications/Unity/Hub/Editor/2021.1.6f1/Unity.app/Contents/MonoBleedingEdge/etc'
Using monoOptions --debugger-agent=transport=dt_socket,embedding=1,server=y,suspend=n,address=127.0.0.1:56614
Begin MonoManager ReloadAssembly
Registering precompiled unity dll's ...
Register platform support module: /Applications/Unity/Hub/Editor/2021.1.6f1/Unity.app/Contents/PlaybackEngines/MacStandaloneSupport/UnityEditor.OSXStandalone.Extensions.dll
Registered in 0.000379 seconds.
Native extension for OSXStandalone target not found
Refreshing native plugins compatible for Editor in 95.39 ms, found 5 plugins.
Preloading 0 native plugins for Editor in 0.00 ms.
Mono: successfully reloaded assembly
- Completed reload, in  3.188 seconds
Platform modules already initialized, skipping
Registering precompiled user dll's ...
Registered in 0.005425 seconds.
Begin MonoManager ReloadAssembly
Native extension for OSXStandalone target not found
Refreshing native plugins compatible for Editor in 1.06 ms, found 5 plugins.
Preloading 0 native plugins for Editor in 0.00 ms.
Mono: successfully reloaded assembly
- Completed reload, in  2.459 seconds
Platform modules already initialized, skipping
========================================================================
Worker process is ready to serve import requests
Launching external process: /Applications/Unity/Hub/Editor/2021.1.6f1/Unity.app/Contents/Tools/UnityShaderCompiler
Launched and connected shader compiler UnityShaderCompiler after 0.05 seconds
Refreshing native plugins compatible for Editor in 1.10 ms, found 5 plugins.
Preloading 0 native plugins for Editor in 0.00 ms.
Unloading 2761 Unused Serialized files (Serialized files now loaded: 0)
System memory in use before: 176.3 MB.
System memory in use after: 176.5 MB.

Unloading 109 unused Assets to reduce memory usage. Loaded Objects now: 3130.
Total: 2.297083 ms (FindLiveObjects: 0.201167 ms CreateObjectMapping: 0.065500 ms MarkObjects: 1.871459 ms  DeleteObjects: 0.157459 ms)

========================================================================
Received Import Request.
  path: Assets/testing.cs
  artifactKey: Guid(235a3c5cc8f2946cb8fbeaa90fa09f07) Importer(815301076,1909f56bfc062723c751e8b465ee728b)
Start importing Assets/testing.cs using Guid(235a3c5cc8f2946cb8fbeaa90fa09f07) Importer(815301076,1909f56bfc062723c751e8b465ee728b)  -> (artifact id: 'f470ce380bc3dbabcde4890778c6cd77') in 0.204536 seconds 
