Using pre-set license

 COMMAND LINE ARGUMENTS:
/Applications/Unity/Hub/Editor/2021.1.6f1/Unity.app/Contents/MacOS/Unity
-adb2
-batchMode
-noUpm
-name
AssetImportWorker0
-projectPath
/Users/hoon/Desktop/FireBaseDemo
-logFile
Logs/AssetImportWorker0.log
-srvPort
53360
Successfully changed project path to: /Users/hoon/Desktop/FireBaseDemo
/Users/hoon/Desktop/FireBaseDemo
Using Asset Import Pipeline V2.
Refreshing native plugins compatible for Editor in 79.55 ms, found 1 plugins.
Preloading 0 native plugins for Editor in 0.00 ms.
Initialize engine version: 2021.1.6f1 (c0fade0cc7e9)
[Subsystems] Discovering subsystems at path /Applications/Unity/Hub/Editor/2021.1.6f1/Unity.app/Contents/Resources/UnitySubsystems
[Subsystems] Discovering subsystems at path /Users/hoon/Desktop/FireBaseDemo/Assets
GfxDevice: creating device client; threaded=0; jobified=0
2021-05-08 13:27:51.494 Unity[16403:474958] (null) preferred device: Apple M1 (high power)
2021-05-08 13:27:51.494 Unity[16403:474958] Metal devices available: 1
2021-05-08 13:27:51.494 Unity[16403:474958] 0: Apple M1 (high power)
2021-05-08 13:27:51.495 Unity[16403:474958] Using device Apple M1 (high power)
Initializing Metal device caps: Apple M1
Initialize mono
Mono path[0] = '/Applications/Unity/Hub/Editor/2021.1.6f1/Unity.app/Contents/Managed'
Mono path[1] = '/Applications/Unity/Hub/Editor/2021.1.6f1/Unity.app/Contents/MonoBleedingEdge/lib/mono/unityjit'
Mono config path = '/Applications/Unity/Hub/Editor/2021.1.6f1/Unity.app/Contents/MonoBleedingEdge/etc'
Using monoOptions --debugger-agent=transport=dt_socket,embedding=1,server=y,suspend=n,address=127.0.0.1:56403
Begin MonoManager ReloadAssembly
Registering precompiled unity dll's ...
Register platform support module: /Applications/Unity/Hub/Editor/2021.1.6f1/Unity.app/Contents/PlaybackEngines/MacStandaloneSupport/UnityEditor.OSXStandalone.Extensions.dll
Registered in 0.000422 seconds.
Native extension for OSXStandalone target not found
Refreshing native plugins compatible for Editor in 76.03 ms, found 1 plugins.
Preloading 0 native plugins for Editor in 0.00 ms.
Mono: successfully reloaded assembly
- Completed reload, in  3.241 seconds
Platform modules already initialized, skipping
Registering precompiled user dll's ...
Registered in 0.001069 seconds.
Begin MonoManager ReloadAssembly
Native extension for OSXStandalone target not found
Refreshing native plugins compatible for Editor in 0.41 ms, found 1 plugins.
Preloading 0 native plugins for Editor in 0.00 ms.
Mono: successfully reloaded assembly
- Completed reload, in  2.027 seconds
Platform modules already initialized, skipping
========================================================================
Worker process is ready to serve import requests
Launching external process: /Applications/Unity/Hub/Editor/2021.1.6f1/Unity.app/Contents/Tools/UnityShaderCompiler
Launched and connected shader compiler UnityShaderCompiler after 0.03 seconds
Refreshing native plugins compatible for Editor in 0.42 ms, found 1 plugins.
Preloading 0 native plugins for Editor in 0.00 ms.
Unloading 2666 Unused Serialized files (Serialized files now loaded: 0)
System memory in use before: 170.0 MB.
System memory in use after: 170.2 MB.

Unloading 15 unused Assets to reduce memory usage. Loaded Objects now: 3118.
Total: 1.436667 ms (FindLiveObjects: 0.130042 ms CreateObjectMapping: 0.053167 ms MarkObjects: 1.183708 ms  DeleteObjects: 0.068792 ms)

========================================================================
Received Import Request.
  path: Assets/FireBase.cs
  artifactKey: Guid(d8bc45614664043c6a294acddde1ff4e) Importer(815301076,1909f56bfc062723c751e8b465ee728b)
Start importing Assets/FireBase.cs using Guid(d8bc45614664043c6a294acddde1ff4e) Importer(815301076,1909f56bfc062723c751e8b465ee728b)  -> (artifact id: '95082b058e5bc01f2ae0d291393e35e2') in 0.170290 seconds 
========================================================================
Received Import Request.
  Time since last request: 13.772247 seconds.
  path: Assets/Scenes
  artifactKey: Guid(171889b9c37e94e8fbb832dcae2a4c7b) Importer(815301076,1909f56bfc062723c751e8b465ee728b)
Start importing Assets/Scenes using Guid(171889b9c37e94e8fbb832dcae2a4c7b) Importer(815301076,1909f56bfc062723c751e8b465ee728b)  -> (artifact id: '25fa82ce6cf785e4d36041d4ff9537ea') in 0.000977 seconds 
========================================================================
Received Prepare
Registering precompiled user dll's ...
Registered in 0.003611 seconds.
Begin MonoManager ReloadAssembly
Native extension for OSXStandalone target not found
Refreshing native plugins compatible for Editor in 0.57 ms, found 3 plugins.
Preloading 0 native plugins for Editor in 0.00 ms.
Mono: successfully reloaded assembly
- Completed reload, in  1.930 seconds
Platform modules already initialized, skipping
Refreshing native plugins compatible for Editor in 0.57 ms, found 3 plugins.
Preloading 0 native plugins for Editor in 0.00 ms.
Unloading 2686 Unused Serialized files (Serialized files now loaded: 0)
System memory in use before: 175.9 MB.
System memory in use after: 176.1 MB.

Unloading 35 unused Assets to reduce memory usage. Loaded Objects now: 3133.
Total: 1.430375 ms (FindLiveObjects: 0.173500 ms CreateObjectMapping: 0.054542 ms MarkObjects: 1.140291 ms  DeleteObjects: 0.061000 ms)

========================================================================
Received Prepare
Registering precompiled user dll's ...
Registered in 0.005564 seconds.
Begin MonoManager ReloadAssembly
Native extension for OSXStandalone target not found
Refreshing native plugins compatible for Editor in 0.57 ms, found 3 plugins.
Preloading 0 native plugins for Editor in 0.00 ms.
Mono: successfully reloaded assembly
- Completed reload, in  2.006 seconds
Platform modules already initialized, skipping
Refreshing native plugins compatible for Editor in 0.51 ms, found 3 plugins.
Preloading 0 native plugins for Editor in 0.00 ms.
Unloading 2686 Unused Serialized files (Serialized files now loaded: 0)
System memory in use before: 176.8 MB.
System memory in use after: 177.0 MB.

Unloading 35 unused Assets to reduce memory usage. Loaded Objects now: 3136.
Total: 1.416292 ms (FindLiveObjects: 0.120541 ms CreateObjectMapping: 0.054333 ms MarkObjects: 1.179375 ms  DeleteObjects: 0.060959 ms)

========================================================================
Received Prepare
Registering precompiled user dll's ...
Registered in 0.004865 seconds.
Begin MonoManager ReloadAssembly
Native extension for OSXStandalone target not found
Refreshing native plugins compatible for Editor in 0.60 ms, found 3 plugins.
Preloading 0 native plugins for Editor in 0.00 ms.
Mono: successfully reloaded assembly
- Completed reload, in  2.171 seconds
Platform modules already initialized, skipping
Refreshing native plugins compatible for Editor in 0.52 ms, found 3 plugins.
Preloading 0 native plugins for Editor in 0.00 ms.
Unloading 2686 Unused Serialized files (Serialized files now loaded: 0)
System memory in use before: 179.1 MB.
System memory in use after: 179.3 MB.

Unloading 35 unused Assets to reduce memory usage. Loaded Objects now: 3139.
Total: 1.506834 ms (FindLiveObjects: 0.130667 ms CreateObjectMapping: 0.059500 ms MarkObjects: 1.256250 ms  DeleteObjects: 0.059458 ms)

========================================================================
Received Prepare
Registering precompiled user dll's ...
Registered in 0.004095 seconds.
Begin MonoManager ReloadAssembly
Native extension for OSXStandalone target not found
Refreshing native plugins compatible for Editor in 0.58 ms, found 3 plugins.
Preloading 0 native plugins for Editor in 0.00 ms.
Mono: successfully reloaded assembly
- Completed reload, in  2.966 seconds
Platform modules already initialized, skipping
Switching build target platform(2) subTarget(0) extendedPlatform(0) -> platform(13) subTarget(537395200) extendedPlatform(0)
Refreshing native plugins compatible for Editor in 0.60 ms, found 3 plugins.
Preloading 0 native plugins for Editor in 0.00 ms.
Unloading 2739 Unused Serialized files (Serialized files now loaded: 0)
System memory in use before: 182.5 MB.
System memory in use after: 182.7 MB.

Unloading 84 unused Assets to reduce memory usage. Loaded Objects now: 3142.
Total: 1.939500 ms (FindLiveObjects: 0.147459 ms CreateObjectMapping: 0.056500 ms MarkObjects: 1.667334 ms  DeleteObjects: 0.067375 ms)

AssetImportParameters requested are different than current active one (requested -> active):
  custom:graphics/normal-map-encoding: 01000000000000000000000000000000 -> 02000000000000000000000000000000
========================================================================
Received Prepare
Refreshing native plugins compatible for Editor in 3.09 ms, found 3 plugins.
Preloading 0 native plugins for Editor in 0.00 ms.
Unloading 33 Unused Serialized files (Serialized files now loaded: 0)
System memory in use before: 128.7 MB.
System memory in use after: 128.9 MB.

Unloading 33 unused Assets to reduce memory usage. Loaded Objects now: 3142.
Total: 2.150417 ms (FindLiveObjects: 0.337375 ms CreateObjectMapping: 0.067750 ms MarkObjects: 1.693500 ms  DeleteObjects: 0.050583 ms)

========================================================================
Received Prepare
Registering precompiled user dll's ...
Registered in 0.005367 seconds.
Begin MonoManager ReloadAssembly
Native extension for OSXStandalone target not found
Refreshing native plugins compatible for Editor in 0.71 ms, found 3 plugins.
Preloading 0 native plugins for Editor in 0.00 ms.
Mono: successfully reloaded assembly
- Completed reload, in  2.405 seconds
Platform modules already initialized, skipping
Refreshing native plugins compatible for Editor in 0.56 ms, found 3 plugins.
Preloading 0 native plugins for Editor in 0.00 ms.
Unloading 2687 Unused Serialized files (Serialized files now loaded: 0)
System memory in use before: 180.6 MB.
System memory in use after: 180.8 MB.

Unloading 36 unused Assets to reduce memory usage. Loaded Objects now: 3145.
Total: 1.795208 ms (FindLiveObjects: 0.221125 ms CreateObjectMapping: 0.060834 ms MarkObjects: 1.443292 ms  DeleteObjects: 0.068959 ms)

========================================================================
Received Prepare
Refreshing native plugins compatible for Editor in 3.76 ms, found 3 plugins.
Preloading 0 native plugins for Editor in 0.00 ms.
Unloading 34 Unused Serialized files (Serialized files now loaded: 0)
System memory in use before: 128.1 MB.
System memory in use after: 128.3 MB.

Unloading 34 unused Assets to reduce memory usage. Loaded Objects now: 3145.
Total: 2.339875 ms (FindLiveObjects: 0.209500 ms CreateObjectMapping: 0.063584 ms MarkObjects: 1.998416 ms  DeleteObjects: 0.066958 ms)

========================================================================
Received Prepare
Registering precompiled user dll's ...
Registered in 0.002675 seconds.
Begin MonoManager ReloadAssembly
Native extension for OSXStandalone target not found
Refreshing native plugins compatible for Editor in 0.56 ms, found 3 plugins.
Preloading 0 native plugins for Editor in 0.00 ms.
Mono: successfully reloaded assembly
- Completed reload, in  2.672 seconds
Platform modules already initialized, skipping
Switching build target platform(2) subTarget(0) extendedPlatform(0) -> platform(13) subTarget(537395200) extendedPlatform(0)
Refreshing native plugins compatible for Editor in 0.55 ms, found 3 plugins.
Preloading 0 native plugins for Editor in 0.00 ms.
Unloading 2740 Unused Serialized files (Serialized files now loaded: 0)
System memory in use before: 183.1 MB.
System memory in use after: 183.3 MB.

Unloading 85 unused Assets to reduce memory usage. Loaded Objects now: 3148.
Total: 1.739375 ms (FindLiveObjects: 0.142542 ms CreateObjectMapping: 0.056292 ms MarkObjects: 1.464666 ms  DeleteObjects: 0.074917 ms)

AssetImportParameters requested are different than current active one (requested -> active):
  custom:graphics/normal-map-encoding: 01000000000000000000000000000000 -> 02000000000000000000000000000000
========================================================================
Received Prepare
Refreshing native plugins compatible for Editor in 2.66 ms, found 3 plugins.
Preloading 0 native plugins for Editor in 0.00 ms.
Unloading 34 Unused Serialized files (Serialized files now loaded: 0)
System memory in use before: 129.4 MB.
System memory in use after: 129.6 MB.

Unloading 34 unused Assets to reduce memory usage. Loaded Objects now: 3148.
Total: 1.685250 ms (FindLiveObjects: 0.129959 ms CreateObjectMapping: 0.053834 ms MarkObjects: 1.453084 ms  DeleteObjects: 0.047792 ms)

========================================================================
Received Prepare
Refreshing native plugins compatible for Editor in 6.11 ms, found 3 plugins.
Preloading 0 native plugins for Editor in 0.00 ms.
Unloading 34 Unused Serialized files (Serialized files now loaded: 0)
System memory in use before: 130.0 MB.
System memory in use after: 130.2 MB.

Unloading 34 unused Assets to reduce memory usage. Loaded Objects now: 3148.
Total: 2.124625 ms (FindLiveObjects: 0.134125 ms CreateObjectMapping: 0.062000 ms MarkObjects: 1.875875 ms  DeleteObjects: 0.051792 ms)

========================================================================
Received Import Request.
  Time since last request: 846.025522 seconds.
  path: Assets/google-services.json
  artifactKey: Guid(4af2dfacff1f543d885130d4ab42773c) Importer(815301076,1909f56bfc062723c751e8b465ee728b)
Start importing Assets/google-services.json using Guid(4af2dfacff1f543d885130d4ab42773c) Importer(815301076,1909f56bfc062723c751e8b465ee728b)  -> (artifact id: '6b0d0be0e2f7104c28e08a3e39c26801') in 0.167523 seconds 
========================================================================
Received Prepare
Registering precompiled user dll's ...
Registered in 0.005775 seconds.
Begin MonoManager ReloadAssembly
Native extension for OSXStandalone target not found
Refreshing native plugins compatible for Editor in 0.96 ms, found 5 plugins.
Preloading 0 native plugins for Editor in 0.00 ms.
Mono: successfully reloaded assembly
- Completed reload, in  2.773 seconds
Platform modules already initialized, skipping
Switching build target platform(2) subTarget(0) extendedPlatform(0) -> platform(13) subTarget(537395200) extendedPlatform(0)
Refreshing native plugins compatible for Editor in 0.99 ms, found 5 plugins.
Preloading 0 native plugins for Editor in 0.00 ms.
Unloading 2822 Unused Serialized files (Serialized files now loaded: 0)
System memory in use before: 191.1 MB.
System memory in use after: 191.3 MB.

Unloading 167 unused Assets to reduce memory usage. Loaded Objects now: 3151.
Total: 1.935958 ms (FindLiveObjects: 0.215250 ms CreateObjectMapping: 0.061708 ms MarkObjects: 1.576875 ms  DeleteObjects: 0.081042 ms)

AssetImportParameters requested are different than current active one (requested -> active):
  custom:graphics/normal-map-encoding: 01000000000000000000000000000000 -> 02000000000000000000000000000000
========================================================================
Received Import Request.
  Time since last request: 1702.603534 seconds.
  path: Assets/Plugins
  artifactKey: Guid(835ba638c87c447b1ad76561cb41e4b5) Importer(815301076,1909f56bfc062723c751e8b465ee728b)
Start importing Assets/Plugins using Guid(835ba638c87c447b1ad76561cb41e4b5) Importer(815301076,1909f56bfc062723c751e8b465ee728b)  -> (artifact id: 'ed9072552c5b35340548bb3cceca6ddd') in 0.009695 seconds 
========================================================================
Received Import Request.
  Time since last request: 2.060426 seconds.
  path: Assets/StreamingAssets
  artifactKey: Guid(14158019ca1464d36a430ff7dbb8cfba) Importer(815301076,1909f56bfc062723c751e8b465ee728b)
Start importing Assets/StreamingAssets using Guid(14158019ca1464d36a430ff7dbb8cfba) Importer(815301076,1909f56bfc062723c751e8b465ee728b)  -> (artifact id: '55da786883825280405f9255e8253333') in 0.001281 seconds 
========================================================================
Received Import Request.
  Time since last request: 1.909255 seconds.
  path: Assets/Parse
  artifactKey: Guid(0026a0ef9f7e3458faf3f6638f44bd89) Importer(815301076,1909f56bfc062723c751e8b465ee728b)
Start importing Assets/Parse using Guid(0026a0ef9f7e3458faf3f6638f44bd89) Importer(815301076,1909f56bfc062723c751e8b465ee728b)  -> (artifact id: 'c1748b2e4a0eed438e00f634d8689416') in 0.001956 seconds 
========================================================================
Received Import Request.
  Time since last request: 0.726291 seconds.
  path: Assets/Firebase
  artifactKey: Guid(7b4fa3f241e4b4ae9a1daeaa39f94044) Importer(815301076,1909f56bfc062723c751e8b465ee728b)
Start importing Assets/Firebase using Guid(7b4fa3f241e4b4ae9a1daeaa39f94044) Importer(815301076,1909f56bfc062723c751e8b465ee728b)  -> (artifact id: '7f0642b0f69e3442c9995d3a7e1f3aca') in 0.000922 seconds 
========================================================================
Received Import Request.
  Time since last request: 0.023912 seconds.
  path: Assets/ExternalDependencyManager
  artifactKey: Guid(a2f5e611ffb1148e6915f7c4df547c29) Importer(815301076,1909f56bfc062723c751e8b465ee728b)
Start importing Assets/ExternalDependencyManager using Guid(a2f5e611ffb1148e6915f7c4df547c29) Importer(815301076,1909f56bfc062723c751e8b465ee728b)  -> (artifact id: 'a4dcbfb246581039dbff56ae9241fd69') in 0.000698 seconds 
========================================================================
Received Import Request.
  Time since last request: 0.045207 seconds.
  path: Assets/Editor Default Resources
  artifactKey: Guid(7121e2173531341a1876c70f19e1eb00) Importer(815301076,1909f56bfc062723c751e8b465ee728b)
Start importing Assets/Editor Default Resources using Guid(7121e2173531341a1876c70f19e1eb00) Importer(815301076,1909f56bfc062723c751e8b465ee728b)  -> (artifact id: 'f9d0c6ea223c4c43aeebe8365cf27f6d') in 0.000817 seconds 
========================================================================
Received Import Request.
  Time since last request: 0.082737 seconds.
  path: Assets
  artifactKey: Guid(00000000000000001000000000000000) Importer(815301076,1909f56bfc062723c751e8b465ee728b)
Start importing Assets using Guid(00000000000000001000000000000000) Importer(815301076,1909f56bfc062723c751e8b465ee728b)  -> (artifact id: '42d402b061de3733987d63b9cc3b64de') in 0.000982 seconds 
========================================================================
Received Import Request.
  Time since last request: 5.272762 seconds.
  path: Assets/Firebase/Editor
  artifactKey: Guid(5c9d3a34dda394d8aa6b24c49f2f5c72) Importer(815301076,1909f56bfc062723c751e8b465ee728b)
Start importing Assets/Firebase/Editor using Guid(5c9d3a34dda394d8aa6b24c49f2f5c72) Importer(815301076,1909f56bfc062723c751e8b465ee728b)  -> (artifact id: '39eb2a0f8961eb01bb20a7cc1e8a5887') in 0.001637 seconds 
========================================================================
Received Import Request.
  Time since last request: 2.176960 seconds.
  path: Assets/Firebase/m2repository
  artifactKey: Guid(c8a8b05c3c277413b8edd810baef02a7) Importer(815301076,1909f56bfc062723c751e8b465ee728b)
Start importing Assets/Firebase/m2repository using Guid(c8a8b05c3c277413b8edd810baef02a7) Importer(815301076,1909f56bfc062723c751e8b465ee728b)  -> (artifact id: 'ea9bc3c3b29d40c9f3037aea31c5f0e4') in 0.001213 seconds 
========================================================================
Received Prepare
Registering precompiled user dll's ...
Registered in 0.003056 seconds.
Begin MonoManager ReloadAssembly
Native extension for OSXStandalone target not found
Refreshing native plugins compatible for Editor in 1.06 ms, found 5 plugins.
Preloading 0 native plugins for Editor in 0.00 ms.
Mono: successfully reloaded assembly
- Completed reload, in  2.712 seconds
Platform modules already initialized, skipping
Switching build target platform(2) subTarget(0) extendedPlatform(0) -> platform(13) subTarget(537395200) extendedPlatform(0)
Refreshing native plugins compatible for Editor in 0.90 ms, found 5 plugins.
Preloading 0 native plugins for Editor in 0.00 ms.
Unloading 2822 Unused Serialized files (Serialized files now loaded: 0)
System memory in use before: 191.4 MB.
System memory in use after: 191.6 MB.

Unloading 167 unused Assets to reduce memory usage. Loaded Objects now: 3154.
Total: 1.745167 ms (FindLiveObjects: 0.119417 ms CreateObjectMapping: 0.055833 ms MarkObjects: 1.497917 ms  DeleteObjects: 0.071250 ms)

AssetImportParameters requested are different than current active one (requested -> active):
  custom:graphics/normal-map-encoding: 01000000000000000000000000000000 -> 02000000000000000000000000000000
========================================================================
Received Prepare
Registering precompiled user dll's ...
Registered in 0.006035 seconds.
Begin MonoManager ReloadAssembly
Native extension for OSXStandalone target not found
Refreshing native plugins compatible for Editor in 0.97 ms, found 5 plugins.
Preloading 0 native plugins for Editor in 0.00 ms.
Mono: successfully reloaded assembly
- Completed reload, in  1.937 seconds
Platform modules already initialized, skipping
Switching build target platform(2) subTarget(0) extendedPlatform(0) -> platform(13) subTarget(537395200) extendedPlatform(0)
Refreshing native plugins compatible for Editor in 0.98 ms, found 5 plugins.
Preloading 0 native plugins for Editor in 0.00 ms.
Unloading 2759 Unused Serialized files (Serialized files now loaded: 0)
System memory in use before: 187.0 MB.
System memory in use after: 187.2 MB.

Unloading 104 unused Assets to reduce memory usage. Loaded Objects now: 3157.
Total: 1.481792 ms (FindLiveObjects: 0.151125 ms CreateObjectMapping: 0.060958 ms MarkObjects: 1.202875 ms  DeleteObjects: 0.065958 ms)

AssetImportParameters requested are different than current active one (requested -> active):
  custom:graphics/normal-map-encoding: 01000000000000000000000000000000 -> 02000000000000000000000000000000
========================================================================
Received Prepare
Registering precompiled user dll's ...
Registered in 0.005586 seconds.
Begin MonoManager ReloadAssembly
Native extension for OSXStandalone target not found
Refreshing native plugins compatible for Editor in 0.97 ms, found 5 plugins.
Preloading 0 native plugins for Editor in 0.00 ms.
Mono: successfully reloaded assembly
- Completed reload, in  1.972 seconds
Platform modules already initialized, skipping
Switching build target platform(2) subTarget(0) extendedPlatform(0) -> platform(13) subTarget(537395200) extendedPlatform(0)
Refreshing native plugins compatible for Editor in 0.80 ms, found 5 plugins.
Preloading 0 native plugins for Editor in 0.00 ms.
Unloading 2759 Unused Serialized files (Serialized files now loaded: 0)
System memory in use before: 187.7 MB.
System memory in use after: 187.9 MB.

Unloading 104 unused Assets to reduce memory usage. Loaded Objects now: 3160.
Total: 1.377958 ms (FindLiveObjects: 0.121042 ms CreateObjectMapping: 0.057209 ms MarkObjects: 1.143250 ms  DeleteObjects: 0.055584 ms)

AssetImportParameters requested are different than current active one (requested -> active):
  custom:graphics/normal-map-encoding: 01000000000000000000000000000000 -> 02000000000000000000000000000000
========================================================================
Received Prepare
Registering precompiled user dll's ...
Registered in 0.004613 seconds.
Begin MonoManager ReloadAssembly
Native extension for OSXStandalone target not found
Refreshing native plugins compatible for Editor in 0.99 ms, found 5 plugins.
Preloading 0 native plugins for Editor in 0.00 ms.
Mono: successfully reloaded assembly
- Completed reload, in  2.625 seconds
Platform modules already initialized, skipping
Switching build target platform(2) subTarget(0) extendedPlatform(0) -> platform(13) subTarget(537395200) extendedPlatform(0)
Refreshing native plugins compatible for Editor in 0.90 ms, found 5 plugins.
Preloading 0 native plugins for Editor in 0.00 ms.
Unloading 2822 Unused Serialized files (Serialized files now loaded: 0)
System memory in use before: 192.0 MB.
System memory in use after: 192.2 MB.

Unloading 167 unused Assets to reduce memory usage. Loaded Objects now: 3163.
Total: 1.834542 ms (FindLiveObjects: 0.144917 ms CreateObjectMapping: 0.062625 ms MarkObjects: 1.554917 ms  DeleteObjects: 0.071125 ms)

AssetImportParameters requested are different than current active one (requested -> active):
  custom:graphics/normal-map-encoding: 01000000000000000000000000000000 -> 02000000000000000000000000000000
========================================================================
Received Prepare
Registering precompiled user dll's ...
Registered in 0.003210 seconds.
Begin MonoManager ReloadAssembly
Native extension for OSXStandalone target not found
Refreshing native plugins compatible for Editor in 1.26 ms, found 5 plugins.
Preloading 0 native plugins for Editor in 0.00 ms.
Mono: successfully reloaded assembly
- Completed reload, in  2.839 seconds
Platform modules already initialized, skipping
Switching build target platform(2) subTarget(0) extendedPlatform(0) -> platform(13) subTarget(537395200) extendedPlatform(0)
Refreshing native plugins compatible for Editor in 0.94 ms, found 5 plugins.
Preloading 0 native plugins for Editor in 0.00 ms.
Unloading 2822 Unused Serialized files (Serialized files now loaded: 0)
System memory in use before: 192.2 MB.
System memory in use after: 192.4 MB.

Unloading 167 unused Assets to reduce memory usage. Loaded Objects now: 3166.
Total: 2.064500 ms (FindLiveObjects: 0.190709 ms CreateObjectMapping: 0.064459 ms MarkObjects: 1.720459 ms  DeleteObjects: 0.087500 ms)

AssetImportParameters requested are different than current active one (requested -> active):
  custom:graphics/normal-map-encoding: 01000000000000000000000000000000 -> 02000000000000000000000000000000
========================================================================
Received Prepare
Registering precompiled user dll's ...
Registered in 0.003730 seconds.
Begin MonoManager ReloadAssembly
Native extension for OSXStandalone target not found
Refreshing native plugins compatible for Editor in 1.02 ms, found 5 plugins.
Preloading 0 native plugins for Editor in 0.00 ms.
Mono: successfully reloaded assembly
- Completed reload, in  2.709 seconds
Platform modules already initialized, skipping
Switching build target platform(2) subTarget(0) extendedPlatform(0) -> platform(13) subTarget(537395200) extendedPlatform(0)
Refreshing native plugins compatible for Editor in 0.95 ms, found 5 plugins.
Preloading 0 native plugins for Editor in 0.00 ms.
Unloading 2822 Unused Serialized files (Serialized files now loaded: 0)
System memory in use before: 192.4 MB.
System memory in use after: 192.6 MB.

Unloading 167 unused Assets to reduce memory usage. Loaded Objects now: 3169.
Total: 2.142000 ms (FindLiveObjects: 0.183875 ms CreateObjectMapping: 0.066708 ms MarkObjects: 1.807917 ms  DeleteObjects: 0.082458 ms)

AssetImportParameters requested are different than current active one (requested -> active):
  custom:graphics/normal-map-encoding: 01000000000000000000000000000000 -> 02000000000000000000000000000000
========================================================================
Received Prepare
Registering precompiled user dll's ...
Registered in 0.004517 seconds.
Begin MonoManager ReloadAssembly
Native extension for OSXStandalone target not found
Refreshing native plugins compatible for Editor in 1.38 ms, found 5 plugins.
Preloading 0 native plugins for Editor in 0.00 ms.
Mono: successfully reloaded assembly
- Completed reload, in  2.848 seconds
Platform modules already initialized, skipping
Switching build target platform(2) subTarget(0) extendedPlatform(0) -> platform(13) subTarget(537395200) extendedPlatform(0)
Refreshing native plugins compatible for Editor in 0.97 ms, found 5 plugins.
Preloading 0 native plugins for Editor in 0.00 ms.
Unloading 2821 Unused Serialized files (Serialized files now loaded: 0)
System memory in use before: 192.7 MB.
System memory in use after: 192.9 MB.

Unloading 168 unused Assets to reduce memory usage. Loaded Objects now: 3171.
Total: 2.009292 ms (FindLiveObjects: 0.278416 ms CreateObjectMapping: 0.072125 ms MarkObjects: 1.580458 ms  DeleteObjects: 0.076542 ms)

AssetImportParameters requested are different than current active one (requested -> active):
  custom:graphics/normal-map-encoding: 01000000000000000000000000000000 -> 02000000000000000000000000000000
========================================================================
Received Import Request.
  Time since last request: 448.378506 seconds.
  path: Assets/testing.cs
  artifactKey: Guid(235a3c5cc8f2946cb8fbeaa90fa09f07) Importer(815301076,1909f56bfc062723c751e8b465ee728b)
Start importing Assets/testing.cs using Guid(235a3c5cc8f2946cb8fbeaa90fa09f07) Importer(815301076,1909f56bfc062723c751e8b465ee728b)  -> (artifact id: 'f50d79ef71d6aab135dad71c48713657') in 0.009246 seconds 
========================================================================
Received Prepare
Registering precompiled user dll's ...
Registered in 0.004342 seconds.
Begin MonoManager ReloadAssembly
Native extension for OSXStandalone target not found
Refreshing native plugins compatible for Editor in 0.97 ms, found 5 plugins.
Preloading 0 native plugins for Editor in 0.00 ms.
Mono: successfully reloaded assembly
- Completed reload, in  2.887 seconds
Platform modules already initialized, skipping
Switching build target platform(2) subTarget(0) extendedPlatform(0) -> platform(13) subTarget(537395200) extendedPlatform(0)
Refreshing native plugins compatible for Editor in 0.99 ms, found 5 plugins.
Preloading 0 native plugins for Editor in 0.00 ms.
Unloading 2822 Unused Serialized files (Serialized files now loaded: 0)
System memory in use before: 193.0 MB.
System memory in use after: 193.2 MB.

Unloading 167 unused Assets to reduce memory usage. Loaded Objects now: 3175.
Total: 2.145375 ms (FindLiveObjects: 0.140417 ms CreateObjectMapping: 0.066041 ms MarkObjects: 1.849042 ms  DeleteObjects: 0.089041 ms)

AssetImportParameters requested are different than current active one (requested -> active):
  custom:graphics/normal-map-encoding: 01000000000000000000000000000000 -> 02000000000000000000000000000000
========================================================================
Received Import Request.
  Time since last request: 94.210375 seconds.
  path: Assets/testing.cs
  artifactKey: Guid(235a3c5cc8f2946cb8fbeaa90fa09f07) Importer(815301076,1909f56bfc062723c751e8b465ee728b)
Start importing Assets/testing.cs using Guid(235a3c5cc8f2946cb8fbeaa90fa09f07) Importer(815301076,1909f56bfc062723c751e8b465ee728b)  -> (artifact id: '2ea0d87ea0d20b02c769336b58126dcd') in 0.009693 seconds 
